# JRE version: Java(TM) SE Runtime Environment (8.0_112-b15) (build 1.8.0_112-b15)
# Java VM: Java HotSpot(TM) 64-Bit Server VM (25.112-b15 mixed mode windows-amd64 compressed oops)
Heap:
 PSYoungGen      total 43520K, used 14642K [0x00000007bc400000, 0x00000007c0000000, 0x00000007c0000000)
  eden space 26624K, 50% used [0x00000007bc400000,0x00000007bd138ef8,0x00000007bde00000)
  from space 16896K, 6% used [0x00000007bde00000,0x00000007bdf13a90,0x00000007bee80000)
  to   space 16384K, 0% used [0x00000007bf000000,0x00000007bf000000,0x00000007c0000000)
 ParOldGen       total 294400K, used 107595K [0x0000000700000000, 0x0000000711f80000, 0x00000007bc400000)
  object space 294400K, 36% used [0x0000000700000000,0x0000000706912d70,0x0000000711f80000)
 Metaspace       used 80017K, capacity 80921K, committed 81456K, reserved 1118208K
  class space    used 11620K, capacity 11817K, committed 11824K, reserved 1048576K
GC Heap History (10 events):
Event: 17706.686 GC heap before
{Heap before GC invocations=1708 (full 651):
 PSYoungGen      total 40960K, used 20960K [0x00000007bc400000, 0x00000007c0000000, 0x00000007c0000000)
  eden space 20480K, 100% used [0x00000007bc400000,0x00000007bd800000,0x00000007bd800000)
  from space 20480K, 2% used [0x00000007bec00000,0x00000007bec78000,0x00000007c0000000)
  to   space 20480K, 0% used [0x00000007bd800000,0x00000007bd800000,0x00000007bec00000)
 ParOldGen       total 294400K, used 107595K [0x0000000700000000, 0x0000000711f80000, 0x00000007bc400000)
  object space 294400K, 36% used [0x0000000700000000,0x0000000706912d70,0x0000000711f80000)
 Metaspace       used 79875K, capacity 80761K, committed 81456K, reserved 1118208K
  class space    used 11608K, capacity 11785K, committed 11824K, reserved 1048576K
Event: 17706.693 GC heap after
Heap after GC invocations=1708 (full 651):
 PSYoungGen      total 40960K, used 512K [0x00000007bc400000, 0x00000007c0000000, 0x00000007c0000000)
  eden space 20480K, 0% used [0x00000007bc400000,0x00000007bc400000,0x00000007bd800000)
  from space 20480K, 2% used [0x00000007bd800000,0x00000007bd880000,0x00000007bec00000)
  to   space 19968K, 0% used [0x00000007bec80000,0x00000007bec80000,0x00000007c0000000)
 ParOldGen       total 294400K, used 107595K [0x0000000700000000, 0x0000000711f80000, 0x00000007bc400000)
  object space 294400K, 36% used [0x0000000700000000,0x0000000706912d70,0x0000000711f80000)
 Metaspace       used 79875K, capacity 80761K, committed 81456K, reserved 1118208K
  class space    used 11608K, capacity 11785K, committed 11824K, reserved 1048576K
}
Event: 17708.693 GC heap before
{Heap before GC invocations=1709 (full 651):
 PSYoungGen      total 40960K, used 20992K [0x00000007bc400000, 0x00000007c0000000, 0x00000007c0000000)
  eden space 20480K, 100% used [0x00000007bc400000,0x00000007bd800000,0x00000007bd800000)
  from space 20480K, 2% used [0x00000007bd800000,0x00000007bd880000,0x00000007bec00000)
  to   space 19968K, 0% used [0x00000007bec80000,0x00000007bec80000,0x00000007c0000000)
 ParOldGen       total 294400K, used 107595K [0x0000000700000000, 0x0000000711f80000, 0x00000007bc400000)
  object space 294400K, 36% used [0x0000000700000000,0x0000000706912d70,0x0000000711f80000)
 Metaspace       used 79876K, capacity 80761K, committed 81456K, reserved 1118208K
  class space    used 11608K, capacity 11785K, committed 11824K, reserved 1048576K
Event: 17708.700 GC heap after
Heap after GC invocations=1709 (full 651):
 PSYoungGen      total 42496K, used 576K [0x00000007bc400000, 0x00000007c0000000, 0x00000007c0000000)
  eden space 22528K, 0% used [0x00000007bc400000,0x00000007bc400000,0x00000007bda00000)
  from space 19968K, 2% used [0x00000007bec80000,0x00000007bed10000,0x00000007c0000000)
  to   space 18944K, 0% used [0x00000007bda00000,0x00000007bda00000,0x00000007bec80000)
 ParOldGen       total 294400K, used 107595K [0x0000000700000000, 0x0000000711f80000, 0x00000007bc400000)
  object space 294400K, 36% used [0x0000000700000000,0x0000000706912d70,0x0000000711f80000)
 Metaspace       used 79876K, capacity 80761K, committed 81456K, reserved 1118208K
  class space    used 11608K, capacity 11785K, committed 11824K, reserved 1048576K
}
Event: 17710.390 GC heap before
{Heap before GC invocations=1710 (full 651):
 PSYoungGen      total 42496K, used 23104K [0x00000007bc400000, 0x00000007c0000000, 0x00000007c0000000)
  eden space 22528K, 100% used [0x00000007bc400000,0x00000007bda00000,0x00000007bda00000)
  from space 19968K, 2% used [0x00000007bec80000,0x00000007bed10000,0x00000007c0000000)
  to   space 18944K, 0% used [0x00000007bda00000,0x00000007bda00000,0x00000007bec80000)
 ParOldGen       total 294400K, used 107595K [0x0000000700000000, 0x0000000711f80000, 0x00000007bc400000)
  object space 294400K, 36% used [0x0000000700000000,0x0000000706912d70,0x0000000711f80000)
 Metaspace       used 79878K, capacity 80761K, committed 81456K, reserved 1118208K
  class space    used 11608K, capacity 11785K, committed 11824K, reserved 1048576K
Event: 17710.396 GC heap after
Heap after GC invocations=1710 (full 651):
 PSYoungGen      total 41472K, used 736K [0x00000007bc400000, 0x00000007c0000000, 0x00000007c0000000)
  eden space 22528K, 0% used [0x00000007bc400000,0x00000007bc400000,0x00000007bda00000)
  from space 18944K, 3% used [0x00000007bda00000,0x00000007bdab8000,0x00000007bec80000)
  to   space 17920K, 0% used [0x00000007bee80000,0x00000007bee80000,0x00000007c0000000)
 ParOldGen       total 294400K, used 107595K [0x0000000700000000, 0x0000000711f80000, 0x00000007bc400000)
  object space 294400K, 36% used [0x0000000700000000,0x0000000706912d70,0x0000000711f80000)
 Metaspace       used 79878K, capacity 80761K, committed 81456K, reserved 1118208K
  class space    used 11608K, capacity 11785K, committed 11824K, reserved 1048576K
}
Event: 17716.095 GC heap before
{Heap before GC invocations=1711 (full 651):
 PSYoungGen      total 41472K, used 23264K [0x00000007bc400000, 0x00000007c0000000, 0x00000007c0000000)
  eden space 22528K, 100% used [0x00000007bc400000,0x00000007bda00000,0x00000007bda00000)
  from space 18944K, 3% used [0x00000007bda00000,0x00000007bdab8000,0x00000007bec80000)
  to   space 17920K, 0% used [0x00000007bee80000,0x00000007bee80000,0x00000007c0000000)
 ParOldGen       total 294400K, used 107595K [0x0000000700000000, 0x0000000711f80000, 0x00000007bc400000)
  object space 294400K, 36% used [0x0000000700000000,0x0000000706912d70,0x0000000711f80000)
 Metaspace       used 79990K, capacity 80921K, committed 81456K, reserved 1118208K
  class space    used 11619K, capacity 11817K, committed 11824K, reserved 1048576K
Event: 17716.100 GC heap after
Heap after GC invocations=1711 (full 651):
 PSYoungGen      total 44544K, used 1196K [0x00000007bc400000, 0x00000007c0000000, 0x00000007c0000000)
  eden space 26624K, 0% used [0x00000007bc400000,0x00000007bc400000,0x00000007bde00000)
  from space 17920K, 6% used [0x00000007bee80000,0x00000007befab030,0x00000007c0000000)
  to   space 16896K, 0% used [0x00000007bde00000,0x00000007bde00000,0x00000007bee80000)
 ParOldGen       total 294400K, used 107595K [0x0000000700000000, 0x0000000711f80000, 0x00000007bc400000)
  object space 294400K, 36% used [0x0000000700000000,0x0000000706912d70,0x0000000711f80000)
 Metaspace       used 79990K, capacity 80921K, committed 81456K, reserved 1118208K
  class space    used 11619K, capacity 11817K, committed 11824K, reserved 1048576K
}
Event: 17725.455 GC heap before
{Heap before GC invocations=1712 (full 651):
 PSYoungGen      total 44544K, used 27820K [0x00000007bc400000, 0x00000007c0000000, 0x00000007c0000000)
  eden space 26624K, 100% used [0x00000007bc400000,0x00000007bde00000,0x00000007bde00000)
  from space 17920K, 6% used [0x00000007bee80000,0x00000007befab030,0x00000007c0000000)
  to   space 16896K, 0% used [0x00000007bde00000,0x00000007bde00000,0x00000007bee80000)
 ParOldGen       total 294400K, used 107595K [0x0000000700000000, 0x0000000711f80000, 0x00000007bc400000)
  object space 294400K, 36% used [0x0000000700000000,0x0000000706912d70,0x0000000711f80000)
 Metaspace       used 80004K, capacity 80921K, committed 81456K, reserved 1118208K
  class space    used 11620K, capacity 11817K, committed 11824K, reserved 1048576K
Event: 17725.473 GC heap after
Heap after GC invocations=1712 (full 651):
 PSYoungGen      total 43520K, used 1102K [0x00000007bc400000, 0x00000007c0000000, 0x00000007c0000000)
  eden space 26624K, 0% used [0x00000007bc400000,0x00000007bc400000,0x00000007bde00000)
  from space 16896K, 6% used [0x00000007bde00000,0x00000007bdf13a90,0x00000007bee80000)
  to   space 16384K, 0% used [0x00000007bf000000,0x00000007bf000000,0x00000007c0000000)
 ParOldGen       total 294400K, used 107595K [0x0000000700000000, 0x0000000711f80000, 0x00000007bc400000)
  object space 294400K, 36% used [0x0000000700000000,0x0000000706912d70,0x0000000711f80000)
 Metaspace       used 80004K, capacity 80921K, committed 81456K, reserved 1118208K
  class space    used 11620K, capacity 11817K, committed 11824K, reserved 1048576K
}

